0 verbose cli D:\node\node.exe D:\node\node_modules\npm\bin\npm-cli.js
1 info using npm@10.9.2
2 info using node@v22.17.0
3 silly config load:file:D:\node\node_modules\npm\npmrc
4 silly config load:file:D:\IDEA\data program\final_work_springBoot\.npmrc
5 silly config load:file:C:\Users\LH\.npmrc
6 silly config load:file:D:\node\node_global\etc\npmrc
7 verbose title npm search @web-types
8 verbose argv "search" "--json" "@web-types"
9 verbose logfile logs-max:10 dir:D:\IDEA\data program\final_work_springBoot\.npm_cache\_logs\2025-09-22T13_11_38_739Z-
10 verbose logfile D:\IDEA\data program\final_work_springBoot\.npm_cache\_logs\2025-09-22T13_11_38_739Z-debug-0.log
11 silly logfile done cleaning log files
12 silly search searching packages
13 http fetch GET 200 https://registry.npmmirror.com/npm 484ms
14 http fetch GET 200 https://registry.npmmirror.com/-/v1/search?text=%40web-types&size=20&from=0&quality=0.65&popularity=0.98&maintenance=0.5 963ms (cache miss)
15 silly search search completed
16 verbose cwd D:\IDEA\data program\final_work_springBoot
17 verbose os Windows_NT 10.0.26100
18 verbose node v22.17.0
19 verbose npm  v10.9.2
20 notice
20 notice New [31mmajor[39m version of npm available! [31m10.9.2[39m -> [34m11.6.0[39m
20 notice Changelog: [34mhttps://github.com/npm/cli/releases/tag/v11.6.0[39m
20 notice To update run: [4mnpm install -g npm@11.6.0[24m
20 notice  { force: true, [Symbol(proc-log.meta)]: true }
21 verbose exit 0
22 info ok
